# JRE version: Java(TM) SE Runtime Environment (8.0_241-b07) (build 1.8.0_241-b07)
# Java VM: Java HotSpot(TM) 64-Bit Server VM (25.241-b07 mixed mode windows-amd64 compressed oops)
Heap:
 PSYoungGen      total 187392K, used 8216K [0x00000000d5b00000, 0x00000000e4200000, 0x0000000100000000)
  eden space 174592K, 4% used [0x00000000d5b00000,0x00000000d6306178,0x00000000e0580000)
  from space 12800K, 0% used [0x00000000e0580000,0x00000000e0580000,0x00000000e1200000)
  to   space 10752K, 0% used [0x00000000e1200000,0x00000000e1200000,0x00000000e1c80000)
 ParOldGen       total 87040K, used 25489K [0x0000000081000000, 0x0000000086500000, 0x00000000d5b00000)
  object space 87040K, 29% used [0x0000000081000000,0x00000000828e4608,0x0000000086500000)
 Metaspace       used 41919K, capacity 44500K, committed 44928K, reserved 1089536K
  class space    used 5723K, capacity 6163K, committed 6272K, reserved 1048576K
GC Heap History (10 events):
Event: 2.929 GC heap before
{Heap before GC invocations=8 (full 1):
 PSYoungGen      total 116736K, used 116508K [0x00000000d5b00000, 0x00000000ded00000, 0x0000000100000000)
  eden space 109568K, 100% used [0x00000000d5b00000,0x00000000dc600000,0x00000000dc600000)
  from space 7168K, 96% used [0x00000000de600000,0x00000000decc73c0,0x00000000ded00000)
  to   space 9216K, 0% used [0x00000000ddb00000,0x00000000ddb00000,0x00000000de400000)
 ParOldGen       total 55296K, used 7765K [0x0000000081000000, 0x0000000084600000, 0x00000000d5b00000)
  object space 55296K, 14% used [0x0000000081000000,0x00000000817955d0,0x0000000084600000)
 Metaspace       used 28339K, capacity 29546K, committed 29824K, reserved 1075200K
  class space    used 3871K, capacity 4123K, committed 4224K, reserved 1048576K
Event: 2.936 GC heap after
Heap after GC invocations=8 (full 1):
 PSYoungGen      total 140288K, used 9200K [0x00000000d5b00000, 0x00000000e1c80000, 0x0000000100000000)
  eden space 131072K, 0% used [0x00000000d5b00000,0x00000000d5b00000,0x00000000ddb00000)
  from space 9216K, 99% used [0x00000000ddb00000,0x00000000de3fc160,0x00000000de400000)
  to   space 10752K, 0% used [0x00000000e1200000,0x00000000e1200000,0x00000000e1c80000)
 ParOldGen       total 55296K, used 8972K [0x0000000081000000, 0x0000000084600000, 0x00000000d5b00000)
  object space 55296K, 16% used [0x0000000081000000,0x00000000818c3000,0x0000000084600000)
 Metaspace       used 28339K, capacity 29546K, committed 29824K, reserved 1075200K
  class space    used 3871K, capacity 4123K, committed 4224K, reserved 1048576K
}
Event: 3.393 GC heap before
{Heap before GC invocations=9 (full 1):
 PSYoungGen      total 140288K, used 98365K [0x00000000d5b00000, 0x00000000e1c80000, 0x0000000100000000)
  eden space 131072K, 68% used [0x00000000d5b00000,0x00000000db213540,0x00000000ddb00000)
  from space 9216K, 99% used [0x00000000ddb00000,0x00000000de3fc160,0x00000000de400000)
  to   space 10752K, 0% used [0x00000000e1200000,0x00000000e1200000,0x00000000e1c80000)
 ParOldGen       total 55296K, used 8972K [0x0000000081000000, 0x0000000084600000, 0x00000000d5b00000)
  object space 55296K, 16% used [0x0000000081000000,0x00000000818c3000,0x0000000084600000)
 Metaspace       used 33589K, capacity 35330K, committed 35456K, reserved 1079296K
  class space    used 4546K, capacity 4891K, committed 4992K, reserved 1048576K
Event: 3.403 GC heap after
Heap after GC invocations=9 (full 1):
 PSYoungGen      total 185344K, used 10741K [0x00000000d5b00000, 0x00000000e4200000, 0x0000000100000000)
  eden space 174592K, 0% used [0x00000000d5b00000,0x00000000d5b00000,0x00000000e0580000)
  from space 10752K, 99% used [0x00000000e1200000,0x00000000e1c7d740,0x00000000e1c80000)
  to   space 12800K, 0% used [0x00000000e0580000,0x00000000e0580000,0x00000000e1200000)
 ParOldGen       total 55296K, used 10423K [0x0000000081000000, 0x0000000084600000, 0x00000000d5b00000)
  object space 55296K, 18% used [0x0000000081000000,0x0000000081a2dd58,0x0000000084600000)
 Metaspace       used 33589K, capacity 35330K, committed 35456K, reserved 1079296K
  class space    used 4546K, capacity 4891K, committed 4992K, reserved 1048576K
}
Event: 3.403 GC heap before
{Heap before GC invocations=10 (full 2):
 PSYoungGen      total 185344K, used 10741K [0x00000000d5b00000, 0x00000000e4200000, 0x0000000100000000)
  eden space 174592K, 0% used [0x00000000d5b00000,0x00000000d5b00000,0x00000000e0580000)
  from space 10752K, 99% used [0x00000000e1200000,0x00000000e1c7d740,0x00000000e1c80000)
  to   space 12800K, 0% used [0x00000000e0580000,0x00000000e0580000,0x00000000e1200000)
 ParOldGen       total 55296K, used 10423K [0x0000000081000000, 0x0000000084600000, 0x00000000d5b00000)
  object space 55296K, 18% used [0x0000000081000000,0x0000000081a2dd58,0x0000000084600000)
 Metaspace       used 33589K, capacity 35330K, committed 35456K, reserved 1079296K
  class space    used 4546K, capacity 4891K, committed 4992K, reserved 1048576K
Event: 3.448 GC heap after
Heap after GC invocations=10 (full 2):
 PSYoungGen      total 185344K, used 0K [0x00000000d5b00000, 0x00000000e4200000, 0x0000000100000000)
  eden space 174592K, 0% used [0x00000000d5b00000,0x00000000d5b00000,0x00000000e0580000)
  from space 10752K, 0% used [0x00000000e1200000,0x00000000e1200000,0x00000000e1c80000)
  to   space 12800K, 0% used [0x00000000e0580000,0x00000000e0580000,0x00000000e1200000)
 ParOldGen       total 87040K, used 17369K [0x0000000081000000, 0x0000000086500000, 0x00000000d5b00000)
  object space 87040K, 19% used [0x0000000081000000,0x00000000820f6548,0x0000000086500000)
 Metaspace       used 33589K, capacity 35330K, committed 35456K, reserved 1079296K
  class space    used 4546K, capacity 4891K, committed 4992K, reserved 1048576K
}
Event: 4.735 GC heap before
{Heap before GC invocations=11 (full 2):
 PSYoungGen      total 185344K, used 157998K [0x00000000d5b00000, 0x00000000e4200000, 0x0000000100000000)
  eden space 174592K, 90% used [0x00000000d5b00000,0x00000000df54b9d0,0x00000000e0580000)
  from space 10752K, 0% used [0x00000000e1200000,0x00000000e1200000,0x00000000e1c80000)
  to   space 12800K, 0% used [0x00000000e0580000,0x00000000e0580000,0x00000000e1200000)
 ParOldGen       total 87040K, used 17369K [0x0000000081000000, 0x0000000086500000, 0x00000000d5b00000)
  object space 87040K, 19% used [0x0000000081000000,0x00000000820f6548,0x0000000086500000)
 Metaspace       used 41708K, capacity 44198K, committed 44288K, reserved 1091584K
  class space    used 5690K, capacity 6128K, committed 6144K, reserved 1048576K
Event: 4.745 GC heap after
Heap after GC invocations=11 (full 2):
 PSYoungGen      total 187392K, used 12788K [0x00000000d5b00000, 0x00000000e4200000, 0x0000000100000000)
  eden space 174592K, 0% used [0x00000000d5b00000,0x00000000d5b00000,0x00000000e0580000)
  from space 12800K, 99% used [0x00000000e0580000,0x00000000e11fd208,0x00000000e1200000)
  to   space 10752K, 0% used [0x00000000e1200000,0x00000000e1200000,0x00000000e1c80000)
 ParOldGen       total 87040K, used 17779K [0x0000000081000000, 0x0000000086500000, 0x00000000d5b00000)
  object space 87040K, 20% used [0x0000000081000000,0x000000008215cf90,0x0000000086500000)
 Metaspace       used 41708K, capacity 44198K, committed 44288K, reserved 1091584K
  class space    used 5690K, capacity 6128K, committed 6144K, reserved 1048576K
}
Event: 4.745 GC heap before
{Heap before GC invocations=12 (full 3):
 PSYoungGen      total 187392K, used 12788K [0x00000000d5b00000, 0x00000000e4200000, 0x0000000100000000)
  eden space 174592K, 0% used [0x00000000d5b00000,0x00000000d5b00000,0x00000000e0580000)
  from space 12800K, 99% used [0x00000000e0580000,0x00000000e11fd208,0x00000000e1200000)
  to   space 10752K, 0% used [0x00000000e1200000,0x00000000e1200000,0x00000000e1c80000)
 ParOldGen       total 87040K, used 17779K [0x0000000081000000, 0x0000000086500000, 0x00000000d5b00000)
  object space 87040K, 20% used [0x0000000081000000,0x000000008215cf90,0x0000000086500000)
 Metaspace       used 41708K, capacity 44198K, committed 44288K, reserved 1091584K
  class space    used 5690K, capacity 6128K, committed 6144K, reserved 1048576K
Event: 4.825 GC heap after
Heap after GC invocations=12 (full 3):
 PSYoungGen      total 187392K, used 0K [0x00000000d5b00000, 0x00000000e4200000, 0x0000000100000000)
  eden space 174592K, 0% used [0x00000000d5b00000,0x00000000d5b00000,0x00000000e0580000)
  from space 12800K, 0% used [0x00000000e0580000,0x00000000e0580000,0x00000000e1200000)
  to   space 10752K, 0% used [0x00000000e1200000,0x00000000e1200000,0x00000000e1c80000)
 ParOldGen       total 87040K, used 25489K [0x0000000081000000, 0x0000000086500000, 0x00000000d5b00000)
  object space 87040K, 29% used [0x0000000081000000,0x00000000828e4608,0x0000000086500000)
 Metaspace       used 41708K, capacity 44198K, committed 44288K, reserved 1089536K
  class space    used 5690K, capacity 6128K, committed 6144K, reserved 1048576K
}

